<?xml version="1.0" encoding="UTF-8"?>
<robot generator="Robot 3.1.1 (Python 3.6.7 on win32)" generated="20190426 14:56:07.438" rpa="false">
<suite id="s1" name="Groupe1" source="C:\development\robot-scripts\DREHD\tests\Groupe1.robot">
<kw name="Begin Web Test" library="common" type="setup">
<kw name="Open Browser" library="SeleniumLibrary">
<doc>Opens a new browser instance to the given ``url``.</doc>
<arguments>
<arg>about:blank</arg>
<arg>${BROWSER}</arg>
</arguments>
<msg timestamp="20190426 14:56:07.926" level="INFO">Opening browser 'chrome' to base url 'about:blank'.</msg>
<status status="PASS" starttime="20190426 14:56:07.926" endtime="20190426 14:56:12.068"></status>
</kw>
<kw name="Maximize Browser Window" library="SeleniumLibrary">
<doc>Maximizes current browser window.</doc>
<status status="PASS" starttime="20190426 14:56:12.068" endtime="20190426 14:56:13.246"></status>
</kw>
<status status="PASS" starttime="20190426 14:56:07.926" endtime="20190426 14:56:13.246"></status>
</kw>
<test id="s1-t1" name="Demandeur/ Saisie de la demande En Création">
<kw name="Acceder Au Site" library="demandeur">
<kw name="Charger La page" library="demandeur_resources">
<kw name="Go To" library="SeleniumLibrary">
<doc>Navigates the active browser instance to the provided ``url``.</doc>
<arguments>
<arg>${WEBSITE_URL}</arg>
</arguments>
<msg timestamp="20190426 14:56:13.246" level="INFO">Opening url 'http://dv0bywsc05.rouen.francetelecom.fr/debug.php/api/auth/login?cuid=LBCS8421'</msg>
<status status="PASS" starttime="20190426 14:56:13.246" endtime="20190426 14:56:52.621"></status>
</kw>
<kw name="Sleep" library="BuiltIn">
<doc>Pauses the test executed for the given time.</doc>
<arguments>
<arg>2s</arg>
</arguments>
<msg timestamp="20190426 14:56:54.631" level="INFO">Slept 2 seconds</msg>
<status status="PASS" starttime="20190426 14:56:52.621" endtime="20190426 14:56:54.631"></status>
</kw>
<kw name="Wait Until Page Contains Element" library="SeleniumLibrary">
<doc>Waits until element ``locator`` appears on current page.</doc>
<arguments>
<arg>xpath=/html/body/div[2]/div[4]/div[1]/div</arg>
<arg>50s</arg>
</arguments>
<kw name="Capture Page Screenshot" library="SeleniumLibrary">
<doc>Takes screenshot of the current page and embeds it into log file.</doc>
<msg timestamp="20190426 14:56:59.826" level="FAIL">NoSuchWindowException: Message: no such window: target window already closed
from unknown error: web view not found
  (Session info: chrome=73.0.3683.103)
  (Driver info: chromedriver=73.0.3683.68 (47787ec04b6e38e22703e856e101e840b65afe72),platform=Windows NT 6.1.7601 SP1 x86_64)
</msg>
<status status="FAIL" starttime="20190426 14:56:59.795" endtime="20190426 14:56:59.826"></status>
</kw>
<msg timestamp="20190426 14:56:59.826" level="WARN">Keyword 'Capture Page Screenshot' could not be run on failure: NoSuchWindowException: Message: no such window: target window already closed
from unknown error: web view not found
  (Session info: chrome=73.0.3683.103)
  (Driver info: chromedriver=73.0.3683.68 (47787ec04b6e38e22703e856e101e840b65afe72),platform=Windows NT 6.1.7601 SP1 x86_64)
</msg>
<msg timestamp="20190426 14:56:59.873" level="FAIL">NoSuchWindowException: Message: no such window: target window already closed
from unknown error: web view not found
  (Session info: chrome=73.0.3683.103)
  (Driver info: chromedriver=73.0.3683.68 (47787ec04b6e38e22703e856e101e840b65afe72),platform=Windows NT 6.1.7601 SP1 x86_64)
</msg>
<status status="FAIL" starttime="20190426 14:56:54.631" endtime="20190426 14:56:59.873"></status>
</kw>
<status status="FAIL" starttime="20190426 14:56:13.246" endtime="20190426 14:56:59.873"></status>
</kw>
<status status="FAIL" starttime="20190426 14:56:13.246" endtime="20190426 14:56:59.873"></status>
</kw>
<tags>
<tag>1</tag>
</tags>
<status status="FAIL" starttime="20190426 14:56:13.246" endtime="20190426 14:56:59.873" critical="yes">NoSuchWindowException: Message: no such window: target window already closed
from unknown error: web view not found
  (Session info: chrome=73.0.3683.103)
  (Driver info: chromedriver=73.0.3683.68 (47787ec04b6e38e22703e856e101e840b65afe72),platform=Windows NT 6.1.7601 SP1 x86_64)
</status>
</test>
<test id="s1-t2" name="Déposée Prise En Compte">
<kw name="Prendre en compte la demande" library="Déposée">
<kw name="Charger La page d'accueil" library="Deposee_ressource">
<kw name="Go To" library="SeleniumLibrary">
<doc>Navigates the active browser instance to the provided ``url``.</doc>
<arguments>
<arg>${WEBSITE_Accueil}</arg>
</arguments>
<msg timestamp="20190426 14:56:59.873" level="INFO">Opening url 'http://dv0bywsc05.rouen.francetelecom.fr/debug.php/api/auth/login?cuid=qezezezec'</msg>
<kw name="Capture Page Screenshot" library="SeleniumLibrary">
<doc>Takes screenshot of the current page and embeds it into log file.</doc>
<msg timestamp="20190426 14:56:59.873" level="FAIL">NoSuchWindowException: Message: no such window: target window already closed
from unknown error: web view not found
  (Session info: chrome=73.0.3683.103)
  (Driver info: chromedriver=73.0.3683.68 (47787ec04b6e38e22703e856e101e840b65afe72),platform=Windows NT 6.1.7601 SP1 x86_64)
</msg>
<status status="FAIL" starttime="20190426 14:56:59.873" endtime="20190426 14:56:59.873"></status>
</kw>
<msg timestamp="20190426 14:56:59.873" level="WARN">Keyword 'Capture Page Screenshot' could not be run on failure: NoSuchWindowException: Message: no such window: target window already closed
from unknown error: web view not found
  (Session info: chrome=73.0.3683.103)
  (Driver info: chromedriver=73.0.3683.68 (47787ec04b6e38e22703e856e101e840b65afe72),platform=Windows NT 6.1.7601 SP1 x86_64)
</msg>
<msg timestamp="20190426 14:56:59.873" level="FAIL">NoSuchWindowException: Message: no such window: target window already closed
from unknown error: web view not found
  (Session info: chrome=73.0.3683.103)
  (Driver info: chromedriver=73.0.3683.68 (47787ec04b6e38e22703e856e101e840b65afe72),platform=Windows NT 6.1.7601 SP1 x86_64)
</msg>
<status status="FAIL" starttime="20190426 14:56:59.873" endtime="20190426 14:56:59.873"></status>
</kw>
<status status="FAIL" starttime="20190426 14:56:59.873" endtime="20190426 14:56:59.873"></status>
</kw>
<status status="FAIL" starttime="20190426 14:56:59.873" endtime="20190426 14:56:59.873"></status>
</kw>
<tags>
<tag>2</tag>
</tags>
<status status="FAIL" starttime="20190426 14:56:59.873" endtime="20190426 14:56:59.888" critical="yes">NoSuchWindowException: Message: no such window: target window already closed
from unknown error: web view not found
  (Session info: chrome=73.0.3683.103)
  (Driver info: chromedriver=73.0.3683.68 (47787ec04b6e38e22703e856e101e840b65afe72),platform=Windows NT 6.1.7601 SP1 x86_64)
</status>
</test>
<test id="s1-t3" name="Etude">
<kw name="Acceder Au Site Avec Compte Urbaniste" library="urbaniste">
<kw name="Charger La Page" library="urbaniste_resources">
<kw name="Go To" library="SeleniumLibrary">
<doc>Navigates the active browser instance to the provided ``url``.</doc>
<arguments>
<arg>${WEBSITE_URBANISTE}</arg>
</arguments>
<msg timestamp="20190426 14:56:59.904" level="INFO">Opening url 'http://dv0bywsc05.rouen.francetelecom.fr/debug.php/api/auth/login?cuid=wazd2D2'</msg>
<kw name="Capture Page Screenshot" library="SeleniumLibrary">
<doc>Takes screenshot of the current page and embeds it into log file.</doc>
<msg timestamp="20190426 14:56:59.904" level="FAIL">NoSuchWindowException: Message: no such window: target window already closed
from unknown error: web view not found
  (Session info: chrome=73.0.3683.103)
  (Driver info: chromedriver=73.0.3683.68 (47787ec04b6e38e22703e856e101e840b65afe72),platform=Windows NT 6.1.7601 SP1 x86_64)
</msg>
<status status="FAIL" starttime="20190426 14:56:59.904" endtime="20190426 14:56:59.904"></status>
</kw>
<msg timestamp="20190426 14:56:59.904" level="WARN">Keyword 'Capture Page Screenshot' could not be run on failure: NoSuchWindowException: Message: no such window: target window already closed
from unknown error: web view not found
  (Session info: chrome=73.0.3683.103)
  (Driver info: chromedriver=73.0.3683.68 (47787ec04b6e38e22703e856e101e840b65afe72),platform=Windows NT 6.1.7601 SP1 x86_64)
</msg>
<msg timestamp="20190426 14:56:59.904" level="FAIL">NoSuchWindowException: Message: no such window: target window already closed
from unknown error: web view not found
  (Session info: chrome=73.0.3683.103)
  (Driver info: chromedriver=73.0.3683.68 (47787ec04b6e38e22703e856e101e840b65afe72),platform=Windows NT 6.1.7601 SP1 x86_64)
</msg>
<status status="FAIL" starttime="20190426 14:56:59.904" endtime="20190426 14:56:59.904"></status>
</kw>
<status status="FAIL" starttime="20190426 14:56:59.904" endtime="20190426 14:56:59.904"></status>
</kw>
<status status="FAIL" starttime="20190426 14:56:59.904" endtime="20190426 14:56:59.904"></status>
</kw>
<tags>
<tag>3</tag>
</tags>
<status status="FAIL" starttime="20190426 14:56:59.904" endtime="20190426 14:56:59.904" critical="yes">NoSuchWindowException: Message: no such window: target window already closed
from unknown error: web view not found
  (Session info: chrome=73.0.3683.103)
  (Driver info: chromedriver=73.0.3683.68 (47787ec04b6e38e22703e856e101e840b65afe72),platform=Windows NT 6.1.7601 SP1 x86_64)
</status>
</test>
<test id="s1-t4" name="Réalisation">
<kw name="Prendre en compte la demande avec profil Urbaniste" library="Réalisation">
<kw name="Charger La page d'urbaniste" library="Réalisation_ressource">
<kw name="Go To" library="SeleniumLibrary">
<doc>Navigates the active browser instance to the provided ``url``.</doc>
<arguments>
<arg>${WEBSITE_URBANISTE}</arg>
</arguments>
<msg timestamp="20190426 14:56:59.935" level="INFO">Opening url 'http://dv0bywsc05.rouen.francetelecom.fr/debug.php/api/auth/login?cuid=wazd2D2'</msg>
<kw name="Capture Page Screenshot" library="SeleniumLibrary">
<doc>Takes screenshot of the current page and embeds it into log file.</doc>
<msg timestamp="20190426 14:56:59.935" level="FAIL">NoSuchWindowException: Message: no such window: target window already closed
from unknown error: web view not found
  (Session info: chrome=73.0.3683.103)
  (Driver info: chromedriver=73.0.3683.68 (47787ec04b6e38e22703e856e101e840b65afe72),platform=Windows NT 6.1.7601 SP1 x86_64)
</msg>
<status status="FAIL" starttime="20190426 14:56:59.935" endtime="20190426 14:56:59.935"></status>
</kw>
<msg timestamp="20190426 14:56:59.935" level="WARN">Keyword 'Capture Page Screenshot' could not be run on failure: NoSuchWindowException: Message: no such window: target window already closed
from unknown error: web view not found
  (Session info: chrome=73.0.3683.103)
  (Driver info: chromedriver=73.0.3683.68 (47787ec04b6e38e22703e856e101e840b65afe72),platform=Windows NT 6.1.7601 SP1 x86_64)
</msg>
<msg timestamp="20190426 14:56:59.935" level="FAIL">NoSuchWindowException: Message: no such window: target window already closed
from unknown error: web view not found
  (Session info: chrome=73.0.3683.103)
  (Driver info: chromedriver=73.0.3683.68 (47787ec04b6e38e22703e856e101e840b65afe72),platform=Windows NT 6.1.7601 SP1 x86_64)
</msg>
<status status="FAIL" starttime="20190426 14:56:59.935" endtime="20190426 14:56:59.935"></status>
</kw>
<status status="FAIL" starttime="20190426 14:56:59.935" endtime="20190426 14:56:59.935"></status>
</kw>
<status status="FAIL" starttime="20190426 14:56:59.935" endtime="20190426 14:56:59.935"></status>
</kw>
<tags>
<tag>4</tag>
</tags>
<status status="FAIL" starttime="20190426 14:56:59.935" endtime="20190426 14:56:59.935" critical="yes">NoSuchWindowException: Message: no such window: target window already closed
from unknown error: web view not found
  (Session info: chrome=73.0.3683.103)
  (Driver info: chromedriver=73.0.3683.68 (47787ec04b6e38e22703e856e101e840b65afe72),platform=Windows NT 6.1.7601 SP1 x86_64)
</status>
</test>
<test id="s1-t5" name="RECETTE FERMEE">
<kw name="Recette" library="Réalisation">
<kw name="Recette En cour" library="Réalisation_ressource">
<kw name="Execute Javascript" library="SeleniumLibrary">
<doc>Executes the given JavaScript code with possible arguments.</doc>
<arguments>
<arg>window.scrollTo(1000, 1000);</arg>
</arguments>
<msg timestamp="20190426 14:56:59.951" level="INFO">Executing JavaScript:
window.scrollTo(1000, 1000);
Without any arguments.</msg>
<kw name="Capture Page Screenshot" library="SeleniumLibrary">
<doc>Takes screenshot of the current page and embeds it into log file.</doc>
<msg timestamp="20190426 14:56:59.951" level="FAIL">NoSuchWindowException: Message: no such window: target window already closed
from unknown error: web view not found
  (Session info: chrome=73.0.3683.103)
  (Driver info: chromedriver=73.0.3683.68 (47787ec04b6e38e22703e856e101e840b65afe72),platform=Windows NT 6.1.7601 SP1 x86_64)
</msg>
<status status="FAIL" starttime="20190426 14:56:59.951" endtime="20190426 14:56:59.951"></status>
</kw>
<msg timestamp="20190426 14:56:59.951" level="WARN">Keyword 'Capture Page Screenshot' could not be run on failure: NoSuchWindowException: Message: no such window: target window already closed
from unknown error: web view not found
  (Session info: chrome=73.0.3683.103)
  (Driver info: chromedriver=73.0.3683.68 (47787ec04b6e38e22703e856e101e840b65afe72),platform=Windows NT 6.1.7601 SP1 x86_64)
</msg>
<msg timestamp="20190426 14:56:59.951" level="FAIL">NoSuchWindowException: Message: no such window: target window already closed
from unknown error: web view not found
  (Session info: chrome=73.0.3683.103)
  (Driver info: chromedriver=73.0.3683.68 (47787ec04b6e38e22703e856e101e840b65afe72),platform=Windows NT 6.1.7601 SP1 x86_64)
</msg>
<status status="FAIL" starttime="20190426 14:56:59.951" endtime="20190426 14:56:59.951"></status>
</kw>
<status status="FAIL" starttime="20190426 14:56:59.951" endtime="20190426 14:56:59.951"></status>
</kw>
<status status="FAIL" starttime="20190426 14:56:59.951" endtime="20190426 14:56:59.951"></status>
</kw>
<tags>
<tag>5</tag>
</tags>
<status status="FAIL" starttime="20190426 14:56:59.935" endtime="20190426 14:56:59.951" critical="yes">NoSuchWindowException: Message: no such window: target window already closed
from unknown error: web view not found
  (Session info: chrome=73.0.3683.103)
  (Driver info: chromedriver=73.0.3683.68 (47787ec04b6e38e22703e856e101e840b65afe72),platform=Windows NT 6.1.7601 SP1 x86_64)
</status>
</test>
<kw name="End Web Test" library="common" type="teardown">
<kw name="Close Browser" library="SeleniumLibrary">
<doc>Closes the current browser.</doc>
<status status="PASS" starttime="20190426 14:56:59.951" endtime="20190426 14:57:02.288"></status>
</kw>
<status status="PASS" starttime="20190426 14:56:59.951" endtime="20190426 14:57:02.288"></status>
</kw>
<status status="FAIL" starttime="20190426 14:56:07.454" endtime="20190426 14:57:02.288"></status>
</suite>
<statistics>
<total>
<stat pass="0" fail="5">Critical Tests</stat>
<stat pass="0" fail="5">All Tests</stat>
</total>
<tag>
<stat pass="0" fail="1">1</stat>
<stat pass="0" fail="1">2</stat>
<stat pass="0" fail="1">3</stat>
<stat pass="0" fail="1">4</stat>
<stat pass="0" fail="1">5</stat>
</tag>
<suite>
<stat pass="0" fail="5" id="s1" name="Groupe1">Groupe1</stat>
</suite>
</statistics>
<errors>
<msg timestamp="20190426 14:56:59.826" level="WARN">Keyword 'Capture Page Screenshot' could not be run on failure: NoSuchWindowException: Message: no such window: target window already closed
from unknown error: web view not found
  (Session info: chrome=73.0.3683.103)
  (Driver info: chromedriver=73.0.3683.68 (47787ec04b6e38e22703e856e101e840b65afe72),platform=Windows NT 6.1.7601 SP1 x86_64)
</msg>
<msg timestamp="20190426 14:56:59.873" level="WARN">Keyword 'Capture Page Screenshot' could not be run on failure: NoSuchWindowException: Message: no such window: target window already closed
from unknown error: web view not found
  (Session info: chrome=73.0.3683.103)
  (Driver info: chromedriver=73.0.3683.68 (47787ec04b6e38e22703e856e101e840b65afe72),platform=Windows NT 6.1.7601 SP1 x86_64)
</msg>
<msg timestamp="20190426 14:56:59.904" level="WARN">Keyword 'Capture Page Screenshot' could not be run on failure: NoSuchWindowException: Message: no such window: target window already closed
from unknown error: web view not found
  (Session info: chrome=73.0.3683.103)
  (Driver info: chromedriver=73.0.3683.68 (47787ec04b6e38e22703e856e101e840b65afe72),platform=Windows NT 6.1.7601 SP1 x86_64)
</msg>
<msg timestamp="20190426 14:56:59.935" level="WARN">Keyword 'Capture Page Screenshot' could not be run on failure: NoSuchWindowException: Message: no such window: target window already closed
from unknown error: web view not found
  (Session info: chrome=73.0.3683.103)
  (Driver info: chromedriver=73.0.3683.68 (47787ec04b6e38e22703e856e101e840b65afe72),platform=Windows NT 6.1.7601 SP1 x86_64)
</msg>
<msg timestamp="20190426 14:56:59.951" level="WARN">Keyword 'Capture Page Screenshot' could not be run on failure: NoSuchWindowException: Message: no such window: target window already closed
from unknown error: web view not found
  (Session info: chrome=73.0.3683.103)
  (Driver info: chromedriver=73.0.3683.68 (47787ec04b6e38e22703e856e101e840b65afe72),platform=Windows NT 6.1.7601 SP1 x86_64)
</msg>
</errors>
</robot>
